1.000000 0.788034 0.908913 0.887424 0.835165
1.000000 0.778266 0.921856 0.876923 0.812210
0.999267 0.777289 0.918926 0.875702 0.828083
1.000000 0.766545 0.906227 0.877900 0.810501
1.000000 0.785592 0.905250 0.875702 0.826129
1.000000 0.783639 0.912332 0.887912 0.830037
1.000000 0.776068 0.915995 0.877656 0.824908
1.000000 0.768498 0.926007 0.885470 0.827595
1.000000 0.778999 0.921612 0.876191 0.827350
1.000000 0.775580 0.908181 0.886447 0.829792
1.000000 0.770452 0.901099 0.883517 0.822955
1.000000 0.762393 0.922344 0.886935 0.818071
1.000000 0.764591 0.916728 0.870574 0.828083
1.000000 0.767277 0.909158 0.872283 0.824908
1.000000 0.780708 0.898413 0.884005 0.828816
1.000000 0.774359 0.920879 0.879121 0.827106
1.000000 0.784615 0.912332 0.889133 0.838095
1.000000 0.778266 0.914774 0.873016 0.830037
1.000000 0.792430 0.925275 0.880098 0.827839
1.000000 0.781441 0.910867 0.888401 0.825397
1.000000 0.777778 0.928449 0.883028 0.831258
1.000000 0.799267 0.924542 0.895238 0.832723
1.000000 0.778266 0.906227 0.871307 0.825885
1.000000 0.771917 0.926740 0.888156 0.825885
1.000000 0.761416 0.908669 0.864469 0.813675
1.000000 0.772405 0.914042 0.878144 0.832723
1.000000 0.784615 0.924786 0.888401 0.823932
1.000000 0.773382 0.914042 0.880342 0.835165
1.000000 0.787790 0.915507 0.872772 0.820757
1.000000 0.769719 0.923810 0.884738 0.841758
1.000000 0.773138 0.915018 0.867399 0.825885
1.000000 0.770452 0.920391 0.873016 0.817094
1.000000 0.780708 0.916972 0.885959 0.833211
1.000000 0.786081 0.916728 0.888401 0.847375
1.000000 0.766300 0.931868 0.874970 0.837119
1.000000 0.763370 0.904518 0.888889 0.833700
1.000000 0.789255 0.936508 0.886935 0.823443
1.000000 0.787302 0.925763 0.885959 0.839072
1.000000 0.779243 0.925763 0.890598 0.816606
1.000000 0.778022 0.924786 0.867888 0.821001
1.000000 0.777289 0.916972 0.892064 0.843468
1.000000 0.791209 0.897436 0.886935 0.812698
1.000000 0.773138 0.914042 0.863736 0.823443
1.000000 0.773626 0.919658 0.885226 0.819536
1.000000 0.777289 0.909890 0.885714 0.833700
1.000000 0.785348 0.932601 0.888645 0.839805
1.000000 0.775824 0.934554 0.887424 0.826862
0.988034 0.777534 0.909158 0.884493 0.821490
1.000000 0.781929 0.929670 0.890354 0.821978
1.000000 0.754090 0.895238 0.874970 0.812698
1.000000 0.783150 0.916972 0.870818 0.814408
1.000000 0.788034 0.903053 0.883028 0.858608
1.000000 0.774359 0.909158 0.883761 0.829304
1.000000 0.783883 0.930647 0.884005 0.833944
1.000000 0.780220 0.920635 0.882051 0.845421
1.000000 0.789499 0.942125 0.879121 0.813431
1.000000 0.784127 0.920635 0.884493 0.854213
1.000000 0.777289 0.934554 0.880830 0.844933
1.000000 0.785348 0.920147 0.881075 0.832723
1.000000 0.780220 0.910134 0.867888 0.826862
1.000000 0.786081 0.922833 0.886935 0.832723
1.000000 0.771917 0.920147 0.880830 0.804884
1.000000 0.771429 0.926496 0.874725 0.816606
1.000000 0.770208 0.930403 0.885226 0.834677
1.000000 0.789744 0.919658 0.863981 0.835409
1.000000 0.790232 0.904029 0.868376 0.818315
1.000000 0.774603 0.911355 0.873749 0.857143
1.000000 0.774603 0.923565 0.886935 0.846398
1.000000 0.785104 0.927717 0.881319 0.824420
1.000000 0.769719 0.905983 0.885714 0.833456
1.000000 0.778266 0.904274 0.881319 0.827839
1.000000 0.779976 0.907448 0.886447 0.846887
1.000000 0.778022 0.933089 0.883272 0.822222
1.000000 0.761661 0.931380 0.886935 0.840049
1.000000 0.778266 0.930403 0.893773 0.849329
1.000000 0.760195 0.934554 0.879609 0.835653
1.000000 0.787790 0.924054 0.887912 0.832479
1.000000 0.776313 0.914530 0.874725 0.829792
1.000000 0.784127 0.925763 0.889866 0.840537
1.000000 0.775824 0.914042 0.878388 0.841758
1.000000 0.766545 0.927961 0.885470 0.827350
1.000000 0.779243 0.926740 0.876923 0.832235
1.000000 0.776313 0.931380 0.890598 0.842003
0.960684 0.756044 0.926984 0.883028 0.836874
1.000000 0.781441 0.928449 0.879609 0.831746
1.000000 0.779243 0.914042 0.884005 0.830037
1.000000 0.782173 0.925519 0.876923 0.832723
1.000000 0.777045 0.922833 0.902076 0.836630
1.000000 0.783883 0.916728 0.880098 0.835165
1.000000 0.767766 0.918681 0.889866 0.811233
1.000000 0.770208 0.937485 0.883028 0.848352
1.000000 0.783394 0.916972 0.873749 0.830769
1.000000 0.782173 0.908913 0.873016 0.818071
1.000000 0.780952 0.929426 0.880586 0.833211
1.000000 0.773138 0.921856 0.900366 0.832723
1.000000 0.778510 0.924786 0.876923 0.833211
1.000000 0.794628 0.907692 0.883272 0.816117
1.000000 0.780952 0.914774 0.888645 0.851282
1.000000 0.777289 0.920879 0.892308 0.846154
1.000000 0.766300 0.931868 0.879609 0.827595
1.000000 0.766545 0.925763 0.873016 0.830037
1.000000 0.776068 0.918437 0.889866 0.843468
1.000000 0.779731 0.918437 0.868620 0.816117
1.000000 0.772161 0.920635 0.880098 0.831746
1.000000 0.786081 0.909158 0.889377 0.822222
1.000000 0.783883 0.924542 0.874970 0.838095
1.000000 0.782173 0.926496 0.881075 0.830769
1.000000 0.778022 0.921856 0.872283 0.841758
1.000000 0.783883 0.931624 0.891331 0.827350
1.000000 0.765812 0.892796 0.880830 0.820024
1.000000 0.781685 0.906716 0.876191 0.819536
1.000000 0.776313 0.911355 0.887912 0.837607
1.000000 0.782906 0.936508 0.887424 0.833211
1.000000 0.764347 0.904029 0.880586 0.843712
1.000000 0.784127 0.916972 0.874970 0.847863
1.000000 0.793407 0.924786 0.881319 0.845177
1.000000 0.791941 0.933333 0.883028 0.819536
1.000000 0.768254 0.905983 0.879365 0.820024
1.000000 0.787790 0.927473 0.876679 0.829792
1.000000 0.763858 0.917460 0.883028 0.842491
1.000000 0.789499 0.941880 0.891819 0.835165
1.000000 0.773871 0.910623 0.891819 0.828816
1.000000 0.761661 0.914042 0.869841 0.843468
1.000000 0.762393 0.924786 0.872772 0.822222
1.000000 0.777045 0.911111 0.877900 0.839805
1.000000 0.774359 0.905006 0.888401 0.813431
1.000000 0.769719 0.918926 0.876191 0.839072
1.000000 0.783150 0.920635 0.874481 0.842491
1.000000 0.776557 0.920391 0.874970 0.824420
1.000000 0.777778 0.908181 0.876923 0.841026
1.000000 0.769719 0.915018 0.863492 0.838340
1.000000 0.783883 0.915995 0.897680 0.829792
1.000000 0.764591 0.905250 0.876923 0.829304
0.992430 0.774359 0.915018 0.882051 0.833211
1.000000 0.784127 0.935775 0.888401 0.837851
0.999756 0.791453 0.924054 0.880586 0.830769
1.000000 0.774359 0.917705 0.893040 0.849573
1.000000 0.771673 0.909158 0.892552 0.830037
1.000000 0.783394 0.920391 0.888401 0.837119
