0.728449 0.758730 0.912576 0.873749 0.878633
0.731136 0.757509 0.930647 0.876679 0.868865
0.719902 0.763614 0.926007 0.886447 0.868865
0.712576 0.763858 0.865446 0.865202 0.868132
0.731136 0.778266 0.932357 0.887912 0.887912
0.723321 0.772161 0.931868 0.880586 0.837607
0.719902 0.767766 0.923810 0.874970 0.872772
0.736264 0.777289 0.920879 0.884493 0.884493
0.730891 0.756532 0.928449 0.878633 0.862515
0.730403 0.784371 0.928694 0.894261 0.863248
0.733089 0.763858 0.926984 0.880830 0.880586
0.724542 0.766300 0.909890 0.877656 0.851526
0.734310 0.766545 0.932601 0.867888 0.871795
0.730159 0.765324 0.929426 0.880586 0.863492
0.725275 0.764347 0.919414 0.884493 0.856655
0.727717 0.774115 0.922589 0.894994 0.868620
0.706716 0.751404 0.922833 0.878144 0.863004
0.738950 0.765812 0.918193 0.875214 0.868376
0.709402 0.764591 0.913065 0.879609 0.882296
0.733089 0.780220 0.927961 0.888645 0.860562
0.742369 0.768742 0.924542 0.876679 0.888401
0.735043 0.769719 0.943834 0.884005 0.878144
0.723321 0.757509 0.924786 0.880586 0.877656
0.717949 0.767766 0.938462 0.904029 0.884493
0.708669 0.760440 0.921612 0.888401 0.878144
0.731624 0.769475 0.932601 0.889866 0.875702
0.729670 0.771429 0.921856 0.896459 0.872772
0.740415 0.756777 0.923810 0.870330 0.880586
0.726252 0.758730 0.928694 0.877656 0.844445
0.734554 0.765812 0.913797 0.882540 0.866911
0.718437 0.763370 0.916972 0.892308 0.873749
0.741392 0.779976 0.921856 0.887912 0.872772
0.730159 0.770208 0.937485 0.882540 0.870330
0.739927 0.776801 0.924542 0.907448 0.864957
0.728205 0.772405 0.925519 0.892552 0.869109
0.734066 0.764591 0.927961 0.885470 0.878633
0.735531 0.770452 0.924786 0.874970 0.870330
0.719414 0.767521 0.921856 0.878144 0.868865
0.721368 0.761661 0.924786 0.884493 0.857143
0.731136 0.760684 0.925275 0.883028 0.885470
0.735531 0.764103 0.908425 0.889377 0.855434
0.723810 0.762637 0.938462 0.886935 0.893285
0.735287 0.781441 0.934799 0.876435 0.887424
0.724298 0.774359 0.919170 0.889377 0.869841
0.740659 0.762882 0.907448 0.896459 0.887912
0.737241 0.769231 0.915263 0.904518 0.874970
0.725031 0.754090 0.930891 0.901343 0.874725
0.725519 0.773871 0.927961 0.890354 0.872283
0.731380 0.770208 0.926007 0.879854 0.891819
0.726496 0.767521 0.924054 0.882540 0.861050
0.729426 0.758974 0.934310 0.890598 0.866667
0.725519 0.770696 0.938217 0.891331 0.874725
0.723565 0.778755 0.921856 0.885714 0.880098
0.722344 0.760684 0.927961 0.879609 0.858120
0.718193 0.760684 0.922344 0.886935 0.873016
0.740904 0.778266 0.915018 0.876679 0.866911
0.736020 0.765079 0.922589 0.884738 0.869353
0.722100 0.769475 0.918926 0.890598 0.863981
0.730647 0.777289 0.929670 0.888401 0.886935
0.726252 0.756044 0.937241 0.882540 0.876923
0.727228 0.778999 0.934554 0.895727 0.871795
0.744811 0.768498 0.921856 0.884005 0.860562
0.736020 0.781197 0.933578 0.893285 0.861294
0.726496 0.779731 0.919658 0.881563 0.856899
0.737973 0.787546 0.940171 0.895727 0.858120
0.727228 0.782173 0.925763 0.891331 0.856899
0.729670 0.769963 0.932357 0.880830 0.868865
0.732357 0.759707 0.906716 0.881075 0.879609
0.734310 0.781929 0.944322 0.896459 0.863981
0.736020 0.769963 0.920879 0.880586 0.858608
0.732112 0.769719 0.925275 0.900366 0.868132
0.730159 0.761416 0.922344 0.902564 0.878144
0.714042 0.771429 0.908425 0.880830 0.853236
0.724298 0.766545 0.931380 0.889377 0.867888
0.733578 0.765812 0.927473 0.878144 0.872283
0.737485 0.760684 0.944322 0.879609 0.870818
0.714530 0.756044 0.920879 0.884738 0.872772
0.721856 0.774359 0.908425 0.888889 0.880586
0.739683 0.777778 0.939683 0.882784 0.876679
0.736020 0.785104 0.924786 0.887424 0.873260
0.741880 0.773382 0.935531 0.901587 0.885470
0.729182 0.773626 0.928694 0.896215 0.864957
0.723810 0.766300 0.922344 0.885959 0.861294
0.722100 0.772405 0.928205 0.892552 0.868376
0.722344 0.772405 0.932112 0.887424 0.886447
0.726252 0.779243 0.936020 0.883517 0.872283
0.734310 0.761905 0.935287 0.879121 0.868376
0.736020 0.776801 0.915751 0.903053 0.881807
0.729670 0.782906 0.935531 0.880098 0.875946
0.724542 0.768498 0.926740 0.859097 0.868865
0.724786 0.766056 0.936020 0.893773 0.882051
0.731868 0.780708 0.918437 0.893773 0.864957
0.729182 0.762637 0.926007 0.893040 0.850305
0.730159 0.777045 0.934554 0.879121 0.864957
0.739927 0.781197 0.939194 0.891575 0.886691
0.730647 0.753358 0.934554 0.876923 0.870330
0.714042 0.754579 0.916728 0.893285 0.876923
0.744078 0.761416 0.923321 0.887912 0.884493
0.745788 0.771673 0.921856 0.890843 0.871795
0.727717 0.772405 0.928205 0.896703 0.871795
0.719414 0.763126 0.933578 0.912821 0.886447
0.747985 0.768498 0.931868 0.893285 0.889377
0.721368 0.763614 0.936264 0.888401 0.866423
0.729915 0.755800 0.928694 0.888401 0.870818
0.726740 0.780220 0.929426 0.879365 0.873016
0.745299 0.769719 0.941636 0.878633 0.887180
0.736752 0.780220 0.934310 0.883028 0.872283
0.734066 0.773382 0.928449 0.883028 0.874970
0.743346 0.779976 0.918926 0.876191 0.874725
0.737973 0.767766 0.945788 0.888645 0.881563
0.743834 0.766300 0.931624 0.882051 0.875702
0.731136 0.774359 0.923810 0.884005 0.864469
0.721856 0.784127 0.936264 0.895238 0.876191
0.730159 0.769475 0.922589 0.895238 0.873260
0.734310 0.769963 0.927717 0.889377 0.867888
0.733089 0.769719 0.926740 0.890354 0.871062
0.736020 0.765812 0.945788 0.886935 0.863004
0.729426 0.768498 0.920879 0.883028 0.879609
0.725031 0.773382 0.931136 0.887912 0.878633
0.728449 0.773138 0.920391 0.885959 0.887912
0.726252 0.780708 0.921368 0.906960 0.881563
0.735043 0.760440 0.918437 0.888156 0.880830
0.730159 0.778266 0.932601 0.904274 0.873016
0.726252 0.768987 0.934310 0.889377 0.867888
0.739927 0.749939 0.927717 0.884493 0.891331
0.733578 0.775824 0.924298 0.909646 0.885959
0.732112 0.761661 0.916972 0.876679 0.866911
0.735775 0.781197 0.916728 0.892552 0.886447
0.734310 0.801709 0.925763 0.884738 0.863981
0.741880 0.757753 0.928694 0.895727 0.872772
0.731624 0.757509 0.924054 0.886935 0.853236
0.733578 0.786081 0.920147 0.897680 0.886935
0.740415 0.787546 0.922833 0.894750 0.895238
0.720635 0.774359 0.934554 0.880098 0.867399
0.723810 0.782662 0.926740 0.895727 0.899634
0.734310 0.776068 0.928449 0.887424 0.874237
0.725275 0.783394 0.922589 0.888401 0.872528
0.723321 0.768254 0.932601 0.876191 0.891819
0.718437 0.766545 0.938217 0.899145 0.856166
0.738462 0.769475 0.934066 0.887668 0.874725
0.734310 0.725275 0.918926 0.892308 0.879121
0.739927 0.768498 0.915995 0.880342 0.873504
0.721368 0.757509 0.932601 0.884493 0.874970
0.730159 0.770452 0.931136 0.886447 0.850305
0.724298 0.754823 0.935043 0.898657 0.866423
0.721856 0.775092 0.933578 0.885959 0.887912
0.722344 0.755800 0.926252 0.881319 0.888156
0.718437 0.767277 0.926252 0.884005 0.873016
0.734066 0.775580 0.933578 0.910867 0.857143
0.740171 0.768010 0.932601 0.880342 0.887424
0.723810 0.778266 0.905250 0.889133 0.880098