0.891819 0.801709 0.981441 0.898413 1.000000
0.890354 0.810501 0.981441 0.947009 1.000000
0.896459 0.802686 0.985836 0.936996 1.000000
0.898169 0.802930 0.980220 0.947253 1.000000
0.888401 0.805617 0.976557 0.949451 1.000000
0.894261 0.807570 0.983394 0.942613 1.000000
0.893285 0.801465 0.982418 0.943346 1.000000
0.896459 0.802686 0.984127 0.931624 1.000000
0.892552 0.801709 0.986325 0.948474 1.000000
0.893773 0.803419 0.979243 0.948718 1.000000
0.891331 0.805617 0.980464 0.946032 1.000000
0.896215 0.808059 0.980464 0.947253 1.000000
0.891575 0.804640 0.981441 0.945055 1.000000
0.887912 0.803663 0.986325 0.948962 1.000000
0.891819 0.804640 0.978755 0.951160 1.000000
0.897192 0.800488 0.972405 0.943346 1.000000
0.892308 0.799512 0.982662 0.947253 1.000000
0.893529 0.804640 0.983394 0.948962 1.000000
0.894261 0.806838 0.980464 0.946032 1.000000
0.894994 0.799756 0.985348 0.942125 1.000000
0.904029 0.802198 0.982173 0.946032 1.000000
0.888645 0.803663 0.985836 0.941148 1.000000
0.893529 0.805617 0.977534 0.946764 1.000000
0.895238 0.801709 0.987057 0.937485 1.000000
0.895238 0.803419 0.983394 0.935531 1.000000
0.897680 0.802198 0.982173 0.942613 1.000000
0.894261 0.803175 0.987302 0.937241 1.000000
0.891575 0.805617 0.976557 0.936752 1.000000
0.891331 0.804640 0.974847 0.929670 1.000000
0.888645 0.793895 0.981685 0.934799 1.000000
0.887424 0.800977 0.975580 0.927717 1.000000
0.890598 0.807570 0.980464 0.929426 1.000000
0.893773 0.804640 0.978266 0.931380 1.000000
0.892308 0.804151 0.975580 0.931380 1.000000
0.894261 0.804640 0.982418 0.929426 1.000000
0.889866 0.803663 0.981441 0.931380 1.000000
0.891331 0.801465 0.984371 0.921856 1.000000
0.895482 0.796337 0.983394 0.928205 1.000000
0.885959 0.808059 0.973382 0.935287 1.000000
0.886447 0.801709 0.981441 0.927717 1.000000
0.902076 0.800488 0.982418 0.929426 1.000000
0.891819 0.806838 0.975336 0.933822 1.000000
0.896215 0.801709 0.979487 0.932845 1.000000
0.890354 0.802686 0.979243 0.934799 1.000000
0.891819 0.801709 0.979243 0.932357 1.000000
0.892308 0.799756 0.976557 0.929426 1.000000
0.892308 0.806105 0.977534 0.928449 1.000000
0.899634 0.807082 0.977534 0.934799 1.000000
0.896459 0.805128 0.979487 0.935287 1.000000
0.897680 0.805372 0.977534 0.935775 1.000000
0.895238 0.801221 0.982418 0.931868 1.000000
0.895727 0.801221 0.977534 0.932357 1.000000
0.894750 0.801709 0.979487 0.931624 1.000000
0.891819 0.805617 0.983394 0.935531 1.000000
0.898169 0.802442 0.984371 0.936752 1.000000
0.889133 0.803663 0.973626 0.932357 1.000000
0.899878 0.806105 0.981441 0.933822 1.000000
0.898169 0.808547 0.976313 0.935287 1.000000
0.898657 0.803175 0.983150 0.933333 1.000000
0.899145 0.805128 0.981197 0.936752 1.000000
0.900366 0.803175 0.980464 0.933578 1.000000
0.895482 0.798779 0.980708 0.935531 1.000000
0.888645 0.806593 0.981441 0.938217 1.000000
0.892796 0.803175 0.979487 0.943101 1.000000
0.889866 0.805372 0.984371 0.936752 1.000000
0.898169 0.801709 0.986081 0.934310 1.000000
0.895727 0.804640 0.979487 0.937485 1.000000
0.889866 0.803663 0.983150 0.940904 1.000000
0.889866 0.805372 0.976557 0.935287 1.000000
0.898657 0.805372 0.985104 0.942125 1.000000
0.893773 0.803663 0.980464 0.942369 1.000000
0.890598 0.803663 0.979487 0.942125 1.000000
0.892308 0.803663 0.984371 0.937241 1.000000
0.892064 0.806593 0.981441 0.940171 1.000000
0.898169 0.807082 0.982418 0.939194 1.000000
0.892308 0.806838 0.986081 0.934310 1.000000
0.899634 0.803175 0.979976 0.939194 1.000000
0.890354 0.806349 0.980220 0.942613 1.000000
0.900366 0.803663 0.981441 0.938217 1.000000
0.897680 0.799756 0.981441 0.941636 1.000000
0.892308 0.805128 0.983394 0.943101 1.000000
0.891331 0.807082 0.974603 0.940659 1.000000
0.892552 0.801709 0.983394 0.935287 1.000000
0.898657 0.804151 0.982906 0.936020 1.000000
0.895727 0.798779 0.981197 0.933822 1.000000
0.897924 0.802930 0.982418 0.937485 1.000000
0.895238 0.801221 0.982662 0.944567 1.000000
0.889377 0.807570 0.987302 0.937241 1.000000
0.896215 0.801709 0.978755 0.943346 1.000000
0.898169 0.804884 0.981441 0.942125 1.000000
0.893285 0.807082 0.986813 0.938706 1.000000
0.895238 0.803663 0.987302 0.935287 1.000000
0.896215 0.809524 0.980464 0.937485 1.000000
0.896459 0.810745 0.980464 0.947009 1.000000
0.890354 0.805372 0.979487 0.937729 1.000000
0.891819 0.804396 0.987302 0.935287 1.000000
0.900611 0.805617 0.985348 0.942125 1.000000
0.898169 0.807570 0.984371 0.939683 1.000000
0.895238 0.806349 0.976068 0.937241 1.000000
0.898169 0.807082 0.980708 0.936752 1.000000
0.900366 0.803419 0.992186 0.938950 1.000000
0.894750 0.807082 0.974115 0.938217 1.000000
0.900366 0.802930 0.983394 0.939683 1.000000
0.896215 0.808791 0.979487 0.943834 1.000000
0.899145 0.801221 0.982906 0.948474 1.000000
0.898169 0.800488 0.985104 0.943346 1.000000
0.892552 0.802198 0.980464 0.945055 1.000000
0.901587 0.803663 0.983883 0.939438 1.000000
0.899145 0.804640 0.986081 0.939194 1.000000
0.901099 0.803663 0.984371 0.936508 1.000000
0.895727 0.807326 0.979487 0.937485 1.000000
0.892552 0.804640 0.984860 0.942369 1.000000
0.897924 0.807814 0.980464 0.937241 1.000000
0.897924 0.805128 0.978755 0.947985 1.000000
0.899634 0.801709 0.984371 0.935775 1.000000
0.901587 0.804396 0.980464 0.947009 1.000000
0.892796 0.801465 0.979487 0.939438 1.000000
0.894750 0.802686 0.981441 0.942125 1.000000
0.897192 0.804151 0.986325 0.935287 1.000000
0.899634 0.807570 0.982906 0.934799 1.000000
0.901099 0.804396 0.983394 0.941148 1.000000
0.900122 0.810012 0.974847 0.940171 1.000000
0.895727 0.806105 0.983150 0.938217 1.000000
0.898169 0.807082 0.990476 0.941148 1.000000
0.897680 0.810989 0.981441 0.938706 1.000000
0.897192 0.804640 0.986813 0.935531 1.000000
0.897680 0.803663 0.984371 0.936020 1.000000
0.899634 0.805372 0.983883 0.940904 1.000000
0.899634 0.808303 0.978999 0.941636 1.000000
0.896703 0.800488 0.981929 0.939194 1.000000
0.896459 0.803663 0.982418 0.939438 1.000000
0.896215 0.802930 0.982173 0.933333 1.000000
0.893285 0.804640 0.983639 0.942613 1.000000
0.893773 0.810989 0.980952 0.945055 1.000000
0.897680 0.806105 0.991209 0.931624 1.000000
0.898169 0.806349 0.980464 0.940171 1.000000
0.891331 0.803663 0.980464 0.942125 1.000000
0.896215 0.804396 0.991209 0.941148 1.000000
0.891331 0.805617 0.986081 0.937485 1.000000
0.900366 0.806349 0.984371 0.944322 1.000000
0.897680 0.799023 0.986325 0.935775 1.000000
0.897192 0.803663 0.985836 0.938950 1.000000
0.901099 0.804396 0.988278 0.934799 1.000000
0.895727 0.806593 0.988278 0.937241 1.000000
0.895238 0.805617 0.982906 0.937241 1.000000
0.902076 0.811477 0.984371 0.940659 1.000000
0.900366 0.804640 0.983394 0.941148 1.000000
0.899145 0.804396 0.985348 0.942613 1.000000
0.896459 0.804640 0.979243 0.935287 1.000000
0.898169 0.803175 0.985348 0.942125 1.000000
0.897924 0.807570 0.991209 0.939194 1.000000
0.900611 0.803663 0.982173 0.942857 1.000000
0.898657 0.805617 0.982906 0.943101 1.000000
0.895238 0.804884 0.988278 0.937485 1.000000
0.896459 0.804396 0.983150 0.939194 1.000000
0.894506 0.805372 0.984127 0.941148 1.000000
0.896948 0.807326 0.980708 0.943834 1.000000
0.899390 0.805861 0.982418 0.939683 1.000000
0.896948 0.803907 0.983150 0.941880 1.000000
0.899878 0.803907 0.986081 0.944322 1.000000
0.903297 0.803419 0.986325 0.948230 1.000000
0.897436 0.806349 0.982418 0.941148 1.000000
0.896459 0.805372 0.985104 0.937485 1.000000
0.898413 0.806593 0.986325 0.938462 1.000000
0.902076 0.808791 0.984127 0.938462 1.000000
0.890843 0.804884 0.984371 0.946276 1.000000
0.898657 0.810012 0.982906 0.934310 1.000000
0.897192 0.807326 0.980220 0.938706 1.000000
0.903541 0.802686 0.985348 0.939194 1.000000
0.895727 0.806838 0.985348 0.940659 1.000000
0.900366 0.803175 0.987302 0.945055 1.000000
0.898413 0.805617 0.982418 0.951160 1.000000
0.899145 0.802442 0.982173 0.941148 1.000000
0.897680 0.803663 0.978999 0.941636 1.000000
0.903541 0.803663 0.979976 0.942125 1.000000
0.896459 0.805617 0.984371 0.947009 1.000000
0.904274 0.801709 0.984371 0.939438 1.000000
0.903053 0.799512 0.984371 0.945055 1.000000
0.901587 0.801709 0.982906 0.939194 1.000000
0.899145 0.802930 0.980952 0.934799 1.000000
0.898901 0.804640 0.983883 0.938217 1.000000
0.902564 0.808303 0.980464 0.946520 1.000000
0.902076 0.800488 0.980952 0.950916 1.000000
0.901587 0.804640 0.987302 0.938706 1.000000
0.905495 0.806105 0.984371 0.934554 1.000000
