0.982173 0.963858 1.000000 1.000000 0.989499
0.989255 0.963370 1.000000 1.000000 0.978022
0.988523 0.964835 1.000000 1.000000 0.976313
0.990965 0.967277 1.000000 1.000000 0.984127
0.987057 0.960928 1.000000 1.000000 0.982418
0.989011 0.960928 1.000000 1.000000 0.983639
0.989988 0.971673 1.000000 1.000000 0.984371
0.987057 0.962882 1.000000 1.000000 0.974115
0.984127 0.967033 1.000000 1.000000 0.980220
0.986081 0.962882 1.000000 1.000000 0.971917
0.982418 0.963858 1.000000 1.000000 0.980220
0.991941 0.964835 1.000000 1.000000 0.989499
0.988523 0.968742 1.000000 1.000000 0.979243
0.986081 0.976313 1.000000 1.000000 0.982418
0.980708 0.966545 1.000000 1.000000 0.982418
0.988034 0.959463 1.000000 1.000000 0.980220
0.988523 0.956044 1.000000 1.000000 0.985592
0.983639 0.968498 1.000000 1.000000 0.985592
0.984127 0.966545 1.000000 1.000000 0.980220
0.986081 0.963858 1.000000 1.000000 0.981197
0.984371 0.963126 1.000000 1.000000 0.985592
0.989499 0.964591 1.000000 1.000000 0.982173
0.991453 0.960928 1.000000 1.000000 0.981197
0.986081 0.961905 1.000000 1.000000 0.990232
0.987057 0.963126 1.000000 1.000000 0.983639
0.983883 0.965812 1.000000 1.000000 0.982173
0.986325 0.966545 1.000000 1.000000 0.979243
0.989255 0.963858 1.000000 1.000000 0.985592
0.988278 0.958974 1.000000 1.000000 0.978510
0.990232 0.960928 1.000000 1.000000 0.986081
0.981685 0.964591 1.000000 1.000000 0.980708
0.979243 0.960928 1.000000 1.000000 0.984127
0.998779 0.960928 1.000000 1.000000 0.992430
0.987302 0.963858 1.000000 1.000000 0.989499
0.991941 0.963858 1.000000 1.000000 0.985592
0.989988 0.960928 1.000000 1.000000 0.985592
0.985592 0.967766 1.000000 1.000000 0.987790
0.989988 0.959951 1.000000 1.000000 0.988034
0.992918 0.965079 1.000000 1.000000 0.982418
0.988767 0.965324 1.000000 1.000000 0.984127
0.986325 0.963858 1.000000 1.000000 0.991453
0.985592 0.958974 1.000000 1.000000 0.988523
0.994139 0.960928 1.000000 1.000000 0.987057
0.986081 0.965568 1.000000 1.000000 0.983639
0.989011 0.967766 1.000000 1.000000 0.989499
0.983150 0.962882 1.000000 1.000000 0.984127
0.986569 0.957998 1.000000 1.000000 0.983394
0.990232 0.960928 1.000000 1.000000 0.987546
0.989011 0.964591 1.000000 1.000000 0.991941
0.993651 0.961905 1.000000 1.000000 0.989011
0.986325 0.965812 1.000000 1.000000 0.988034
0.991941 0.960928 1.000000 1.000000 0.984127
0.989988 0.973382 1.000000 1.000000 0.986325
0.988523 0.961905 1.000000 1.000000 0.987546
0.990232 0.963126 1.000000 1.000000 0.980464
0.987546 0.965568 1.000000 1.000000 0.985104
0.997802 0.960684 1.000000 1.000000 0.984371
0.997802 0.959463 1.000000 1.000000 0.990232
0.997802 0.963858 1.000000 1.000000 0.983639
1.000000 0.963614 1.000000 1.000000 0.995116
0.990965 0.967766 1.000000 1.000000 0.981441
0.994139 0.967033 1.000000 1.000000 0.990232
0.996337 0.963370 1.000000 1.000000 1.000000
0.992918 0.964835 1.000000 1.000000 0.989988
0.992918 0.966789 1.000000 1.000000 0.991941
0.992918 0.971673 1.000000 1.000000 0.991941
0.994139 0.964835 1.000000 1.000000 0.993162
0.992186 0.965812 1.000000 1.000000 0.993407
0.990232 0.966789 1.000000 1.000000 0.989255
0.994872 0.959463 1.000000 1.000000 0.984127
0.989988 0.967766 1.000000 1.000000 0.991453
0.990965 0.966789 1.000000 1.000000 0.993407
0.992918 0.965324 1.000000 1.000000 0.989011
0.991209 0.965079 1.000000 1.000000 0.989011
0.996337 0.963858 1.000000 1.000000 0.998046
0.994383 0.965568 1.000000 1.000000 0.989011
0.988278 0.966545 1.000000 1.000000 0.997802
0.993162 0.964103 1.000000 1.000000 0.987302
0.996337 0.965079 1.000000 1.000000 0.989988
0.992186 0.968987 1.000000 1.000000 0.991941
0.989255 0.965079 1.000000 1.000000 0.986325
0.991941 0.961661 1.000000 1.000000 0.993407
0.993162 0.966056 1.000000 1.000000 0.991453
0.987302 0.966789 1.000000 1.000000 0.995360
0.995116 0.969963 1.000000 1.000000 0.996337
0.996825 0.964835 1.000000 1.000000 0.991453
0.990965 0.971673 1.000000 1.000000 0.986325
0.988034 0.963126 1.000000 1.000000 0.993895
0.995360 0.963370 1.000000 1.000000 0.993407
0.985836 0.967521 1.000000 1.000000 0.988278
0.988034 0.967766 1.000000 1.000000 0.991209
0.989011 0.962882 1.000000 1.000000 0.989011
0.993895 0.964835 1.000000 1.000000 0.998779
0.993407 0.968742 1.000000 1.000000 0.990232
0.993895 0.967766 1.000000 1.000000 0.993407
0.986081 0.963370 1.000000 1.000000 0.992918
1.000000 0.964835 1.000000 1.000000 0.990965
0.991453 0.962637 1.000000 1.000000 0.994872
0.989988 0.960928 1.000000 1.000000 0.991941
0.993895 0.964835 1.000000 1.000000 0.993895
0.988278 0.966545 1.000000 1.000000 0.991941
0.991941 0.962637 1.000000 1.000000 0.992674
0.989744 0.968742 1.000000 1.000000 0.986325
0.995849 0.963858 1.000000 1.000000 0.989011
0.988034 0.971673 1.000000 1.000000 0.992918
0.989011 0.960928 1.000000 1.000000 0.995360
0.989988 0.964835 1.000000 1.000000 0.984371
0.984127 0.963614 1.000000 1.000000 0.985104
0.989499 0.961905 1.000000 1.000000 0.980220
0.986325 0.973871 1.000000 1.000000 0.983639
0.976801 0.965812 1.000000 1.000000 0.989011
0.981929 0.968742 1.000000 1.000000 0.983639
0.984615 0.959951 1.000000 1.000000 0.986325
0.989255 0.962393 1.000000 1.000000 0.989988
0.986081 0.963858 1.000000 1.000000 0.991941
0.988034 0.960928 1.000000 1.000000 0.983150
0.990232 0.961905 1.000000 1.000000 0.984127
0.990476 0.963858 1.000000 1.000000 0.986325
0.986081 0.960684 1.000000 1.000000 0.989499
0.989011 0.962637 1.000000 1.000000 0.988523
0.986569 0.964835 1.000000 1.000000 0.995116
0.983639 0.968498 1.000000 1.000000 0.981685
0.980708 0.959219 1.000000 1.000000 0.981685
0.986569 0.963126 1.000000 1.000000 0.985348
0.989499 0.960928 1.000000 1.000000 0.983639
0.989011 0.967521 1.000000 1.000000 0.994872
0.991941 0.959951 1.000000 1.000000 0.990232
0.982418 0.967521 1.000000 1.000000 0.989499
0.988034 0.963126 1.000000 1.000000 0.987057
0.982662 0.964835 1.000000 1.000000 0.982418
0.982418 0.959951 1.000000 1.000000 0.984127
0.982418 0.970940 1.000000 1.000000 0.989255
0.984371 0.965324 1.000000 1.000000 0.990965
0.986325 0.967766 1.000000 1.000000 0.985592
0.986325 0.960928 1.000000 1.000000 0.982418
0.984371 0.961905 1.000000 1.000000 0.988278
0.990232 0.959951 1.000000 1.000000 0.987057
0.984127 0.963370 1.000000 1.000000 0.981685
0.990965 0.964835 1.000000 1.000000 0.990232
0.979487 0.965812 1.000000 1.000000 0.994139
0.983150 0.964347 1.000000 1.000000 0.986325
0.988034 0.968498 1.000000 1.000000 0.992186
0.984371 0.965812 1.000000 1.000000 0.990476
0.989988 0.967033 1.000000 1.000000 0.986081
0.988034 0.957998 1.000000 1.000000 0.989011
0.991453 0.965324 1.000000 1.000000 0.988034
0.985104 0.966545 1.000000 1.000000 0.985348
0.984615 0.967277 1.000000 1.000000 0.984371
0.990476 0.968498 1.000000 1.000000 0.988034
0.985592 0.961905 1.000000 1.000000 0.993895
0.994139 0.966545 1.000000 1.000000 0.995116
0.991941 0.960440 1.000000 1.000000 0.988278
0.989499 0.965812 1.000000 1.000000 0.990965
0.984371 0.965812 1.000000 1.000000 0.984127
0.993407 0.965812 1.000000 1.000000 0.989499
0.992186 0.964835 1.000000 1.000000 0.985104
0.993895 0.963370 1.000000 1.000000 0.993407
0.994139 0.970452 1.000000 1.000000 0.988523
0.984371 0.967033 1.000000 1.000000 0.989011
0.995116 0.961905 1.000000 1.000000 0.993651
0.991941 0.963614 1.000000 1.000000 0.985348
0.992430 0.967033 1.000000 1.000000 0.983150
0.999756 0.962882 1.000000 1.000000 0.994139
0.998779 0.962149 1.000000 1.000000 0.992918
0.992186 0.961905 1.000000 1.000000 0.988034
0.994872 0.961905 1.000000 1.000000 0.987546
0.993895 0.963370 1.000000 1.000000 0.995360
0.988523 0.963126 1.000000 1.000000 0.990232
0.997802 0.965324 1.000000 1.000000 0.995604
0.989988 0.960928 1.000000 1.000000 0.989011
0.998046 0.955556 1.000000 1.000000 0.990232
0.990232 0.960928 1.000000 1.000000 0.995849
0.999756 0.960928 1.000000 1.000000 0.993895
1.000000 0.961661 1.000000 1.000000 0.991941
0.989499 0.966300 1.000000 1.000000 0.991941
0.989011 0.963858 1.000000 1.000000 0.989499
0.997314 0.958486 1.000000 1.000000 0.997802
0.990232 0.959951 1.000000 1.000000 0.998779
0.991941 0.967033 1.000000 1.000000 0.999267
0.992186 0.961905 1.000000 1.000000 0.998779
0.986081 0.957753 1.000000 1.000000 0.997314
0.989988 0.957998 1.000000 1.000000 0.991209
0.988034 0.959463 1.000000 1.000000 0.992186
0.991453 0.961905 1.000000 1.000000 0.993407
0.986081 0.969719 1.000000 1.000000 0.995360
0.985592 0.963126 1.000000 1.000000 0.991941
0.988034 0.965324 1.000000 1.000000 0.998046
0.993895 0.958974 1.000000 1.000000 0.995849
0.987546 0.965568 1.000000 1.000000 0.997802
0.991941 0.962882 1.000000 1.000000 0.989011
0.983639 0.963614 1.000000 1.000000 0.996825
0.985592 0.965568 1.000000 1.000000 0.997802
0.988034 0.966300 1.000000 1.000000 0.997802
0.986081 0.961661 1.000000 1.000000 0.988034
0.989499 0.965324 1.000000 1.000000 0.992918
0.986081 0.966300 1.000000 1.000000 1.000000
0.978510 0.963858 1.000000 1.000000 0.996093
0.986325 0.962637 1.000000 1.000000 0.997802
0.984127 0.963858 1.000000 1.000000 0.997314
0.988523 0.963858 1.000000 1.000000 0.997070
0.989988 0.968254 1.000000 1.000000 0.994139
0.982173 0.964835 1.000000 1.000000 0.993895
0.981685 0.971673 1.000000 1.000000 0.989988
0.992430 0.959707 1.000000 1.000000 0.995360
