0.836142 1.000000 1.000000 0.889866 0.909890
0.831258 1.000000 1.000000 0.886447 0.909402
0.829304 1.000000 1.000000 0.876679 0.910867
0.831746 1.000000 1.000000 0.898413 0.911355
0.830037 1.000000 1.000000 0.898413 0.913553
0.837851 1.000000 1.000000 0.896459 0.913065
0.837363 1.000000 1.000000 0.903541 0.914530
0.829304 1.000000 1.000000 0.892796 0.915263
0.834677 1.000000 1.000000 0.899145 0.915263
0.832723 1.000000 1.000000 0.893773 0.916728
0.833700 1.000000 1.000000 0.895727 0.913797
0.829548 1.000000 1.000000 0.900366 0.910867
0.841758 1.000000 1.000000 0.898657 0.914774
0.830769 1.000000 1.000000 0.894750 0.919658
0.825885 1.000000 1.000000 0.904274 0.910379
0.833211 1.000000 1.000000 0.905739 0.915751
0.831746 1.000000 1.000000 0.889866 0.916728
0.836630 1.000000 1.000000 0.898169 0.916728
0.829060 1.000000 1.000000 0.900122 0.917216
0.833700 1.000000 1.000000 0.901587 0.915018
0.829792 1.000000 1.000000 0.892308 0.914774
0.831258 1.000000 1.000000 0.902076 0.911844
0.835165 1.000000 1.000000 0.897680 0.915263
0.831746 1.000000 1.000000 0.905495 0.903541
0.838584 1.000000 1.000000 0.896459 0.919170
0.832967 1.000000 1.000000 0.898657 0.918681
0.834188 1.000000 1.000000 0.894750 0.914286
0.830769 1.000000 1.000000 0.908669 0.909890
0.834677 1.000000 1.000000 0.902564 0.921368
0.835653 1.000000 1.000000 0.905006 0.917216
0.835165 1.000000 1.000000 0.898657 0.916728
0.833700 1.000000 1.000000 0.896215 0.913797
0.830281 1.000000 1.000000 0.906227 0.918681
0.834677 1.000000 1.000000 0.905739 0.911844
0.833944 1.000000 1.000000 0.893040 0.916239
0.836142 1.000000 1.000000 0.899878 0.915751
0.835165 1.000000 1.000000 0.900366 0.911355
0.833700 1.000000 1.000000 0.905495 0.915263
0.839561 1.000000 1.000000 0.901099 0.916728
0.833700 1.000000 1.000000 0.895727 0.912088
0.827350 1.000000 1.000000 0.902076 0.912821
0.841270 1.000000 1.000000 0.898657 0.915995
0.830037 1.000000 1.000000 0.883028 0.914286
0.836142 1.000000 1.000000 0.896459 0.913553
0.836142 1.000000 1.000000 0.897680 0.917216
0.836630 1.000000 1.000000 0.908425 0.910134
0.829792 1.000000 1.000000 0.907448 0.915995
0.833944 1.000000 1.000000 0.914774 0.918926
0.837119 1.000000 1.000000 0.905983 0.919658
0.837607 1.000000 1.000000 0.905250 0.915751
0.833700 1.000000 1.000000 0.908181 0.923565
0.831258 1.000000 1.000000 0.904029 0.916728
0.834677 1.000000 1.000000 0.904029 0.918193
0.829792 1.000000 1.000000 0.907448 0.918193
0.833700 1.000000 1.000000 0.898169 0.905495
0.830525 1.000000 1.000000 0.908181 0.918437
0.838095 1.000000 1.000000 0.900122 0.925275
0.832723 1.000000 1.000000 0.898169 0.910623
0.835653 1.000000 1.000000 0.900611 0.921612
0.839072 1.000000 1.000000 0.908181 0.919902
0.835165 1.000000 1.000000 0.902076 0.915751
0.837363 1.000000 1.000000 0.909158 0.917705
0.834188 1.000000 1.000000 0.899878 0.914530
0.829548 1.000000 1.000000 0.909158 0.921123
0.836386 1.000000 1.000000 0.901343 0.911844
0.835898 1.000000 1.000000 0.910134 0.915507
0.838828 1.000000 1.000000 0.907204 0.909890
0.828083 1.000000 1.000000 0.903297 0.918193
0.832967 1.000000 1.000000 0.905739 0.918193
0.831502 1.000000 1.000000 0.909158 0.917705
0.832235 1.000000 1.000000 0.907448 0.916972
0.832967 1.000000 1.000000 0.906716 0.917949
0.827839 1.000000 1.000000 0.911111 0.913065
0.839072 1.000000 1.000000 0.902564 0.921612
0.832723 1.000000 1.000000 0.898413 0.917705
0.837607 1.000000 1.000000 0.900122 0.921123
0.833211 1.000000 1.000000 0.907937 0.918681
0.835165 1.000000 1.000000 0.909646 0.919170
0.833944 1.000000 1.000000 0.911355 0.918681
0.834677 1.000000 1.000000 0.905983 0.917216
0.835653 1.000000 1.000000 0.913553 0.912821
0.834921 1.000000 1.000000 0.906471 0.917216
0.832479 1.000000 1.000000 0.896459 0.915263
0.834677 1.000000 1.000000 0.905006 0.919170
0.841514 1.000000 1.000000 0.906716 0.925031
0.834188 1.000000 1.000000 0.908181 0.925031
0.840049 1.000000 1.000000 0.904029 0.920635
0.836630 1.000000 1.000000 0.914774 0.914774
0.834677 1.000000 1.000000 0.900366 0.921856
0.837607 1.000000 1.000000 0.904274 0.921856
0.838584 1.000000 1.000000 0.907937 0.919658
0.830769 1.000000 1.000000 0.912821 0.919902
0.831258 1.000000 1.000000 0.902076 0.917705
0.839561 1.000000 1.000000 0.900122 0.918681
0.833700 1.000000 1.000000 0.911844 0.923565
0.837851 1.000000 1.000000 0.904274 0.918926
0.841026 1.000000 1.000000 0.906960 0.919658
0.833456 1.000000 1.000000 0.903053 0.919658
0.829792 1.000000 1.000000 0.905983 0.919658
0.837119 1.000000 1.000000 0.903053 0.917705
0.833211 1.000000 1.000000 0.901587 0.916728
0.830769 1.000000 1.000000 0.907204 0.917705
0.830769 1.000000 1.000000 0.902076 0.923810
0.834432 1.000000 1.000000 0.909402 0.915751
0.841270 1.000000 1.000000 0.904029 0.920635
0.833944 1.000000 1.000000 0.900122 0.920147
0.835898 1.000000 1.000000 0.903541 0.921612
0.834677 1.000000 1.000000 0.906716 0.919902
0.831258 1.000000 1.000000 0.905006 0.910867
0.834188 1.000000 1.000000 0.912088 0.912088
0.830769 1.000000 1.000000 0.908181 0.914774
0.833700 1.000000 1.000000 0.909890 0.915995
0.839805 1.000000 1.000000 0.909890 0.917705
0.830037 1.000000 1.000000 0.907204 0.918681
0.831258 1.000000 1.000000 0.915263 0.915995
0.837851 1.000000 1.000000 0.911355 0.915751
0.838828 1.000000 1.000000 0.904029 0.919902
0.836142 1.000000 1.000000 0.906471 0.914286
0.835165 1.000000 1.000000 0.904518 0.911844
0.828816 1.000000 1.000000 0.905006 0.919658
0.837363 1.000000 1.000000 0.908913 0.913065
0.837851 1.000000 1.000000 0.912821 0.918926
0.833211 1.000000 1.000000 0.914774 0.912088
0.828816 1.000000 1.000000 0.914286 0.915751
0.833700 1.000000 1.000000 0.905983 0.919170
0.841026 1.000000 1.000000 0.904274 0.919170
0.834188 1.000000 1.000000 0.907448 0.914286
0.833700 1.000000 1.000000 0.904762 0.922589
0.839561 1.000000 1.000000 0.910867 0.913309
0.834188 1.000000 1.000000 0.915263 0.914774
0.840537 1.000000 1.000000 0.908913 0.919658
0.833700 1.000000 1.000000 0.911600 0.915263
0.837851 1.000000 1.000000 0.906960 0.921856
0.837119 1.000000 1.000000 0.912821 0.916728
0.836142 1.000000 1.000000 0.917216 0.917216
0.830037 1.000000 1.000000 0.923077 0.909158
0.833211 1.000000 1.000000 0.913797 0.921612
0.827839 1.000000 1.000000 0.910379 0.913309
0.837119 1.000000 1.000000 0.910379 0.923810
0.838584 1.000000 1.000000 0.917705 0.919170
0.835165 1.000000 1.000000 0.916239 0.920635
0.836142 1.000000 1.000000 0.915995 0.917216
0.833944 1.000000 1.000000 0.904274 0.914286
0.836142 1.000000 1.000000 0.914774 0.919170
0.835898 1.000000 1.000000 0.908669 0.921123
0.829792 1.000000 1.000000 0.900855 0.917216
0.834188 1.000000 1.000000 0.917705 0.915263
0.831502 1.000000 1.000000 0.915995 0.918681
0.832723 1.000000 1.000000 0.909890 0.919902
0.837119 1.000000 1.000000 0.911355 0.916728
0.839561 1.000000 1.000000 0.923810 0.914774
0.831258 1.000000 1.000000 0.898901 0.914774
0.831502 1.000000 1.000000 0.904274 0.918681
0.836630 1.000000 1.000000 0.908181 0.921856
0.835165 1.000000 1.000000 0.899878 0.916728
0.838584 1.000000 1.000000 0.910379 0.916728
0.837607 1.000000 1.000000 0.910379 0.916239
0.836142 1.000000 1.000000 0.906471 0.919902
0.832479 1.000000 1.000000 0.884493 0.921123
0.829792 1.000000 1.000000 0.908181 0.918193
0.837607 1.000000 1.000000 0.915751 0.917705
0.838584 1.000000 1.000000 0.905983 0.917949
0.840049 1.000000 1.000000 0.912821 0.915995
0.833944 1.000000 1.000000 0.910867 0.918681
0.832235 1.000000 1.000000 0.899145 0.921612
0.835653 1.000000 1.000000 0.917216 0.921856
0.832723 1.000000 1.000000 0.909890 0.919658
0.840049 1.000000 1.000000 0.911355 0.919170
0.829548 1.000000 1.000000 0.916239 0.921856
0.825885 1.000000 1.000000 0.901099 0.915263
0.826374 1.000000 1.000000 0.915751 0.903541
0.831746 1.000000 1.000000 0.909890 0.918193
0.826862 1.000000 1.000000 0.910867 0.914042
0.825885 1.000000 1.000000 0.916728 0.923565
0.822222 1.000000 1.000000 0.901587 0.921612
0.821490 1.000000 1.000000 0.907448 0.910867
0.828327 1.000000 1.000000 0.904274 0.923077
0.827595 1.000000 1.000000 0.904029 0.919902
0.829304 1.000000 1.000000 0.911355 0.921856
0.822466 1.000000 1.000000 0.894261 0.912088
0.820513 1.000000 1.000000 0.914286 0.915263
0.820513 1.000000 1.000000 0.915263 0.909158
0.821978 1.000000 1.000000 0.904029 0.913309
0.823443 1.000000 1.000000 0.913797 0.913309
0.821978 1.000000 1.000000 0.910379 0.917216
0.826129 1.000000 1.000000 0.914774 0.906960
0.827106 1.000000 1.000000 0.911355 0.923565
0.823932 1.000000 1.000000 0.919170 0.915995
0.821978 1.000000 1.000000 0.908181 0.913309
0.823443 1.000000 1.000000 0.900366 0.912088
0.818071 1.000000 1.000000 0.898657 0.910867
0.821001 1.000000 1.000000 0.918193 0.909890
0.828327 1.000000 1.000000 0.905983 0.915995
0.819536 1.000000 1.000000 0.905983 0.911844
0.811233 1.000000 1.000000 0.913309 0.907937
0.819536 1.000000 1.000000 0.908181 0.907937
0.827839 1.000000 1.000000 0.906471 0.915995
0.818071 1.000000 1.000000 0.907937 0.918193
0.821001 1.000000 1.000000 0.902076 0.912821
0.820024 1.000000 1.000000 0.919658 0.911111
0.818315 1.000000 1.000000 0.911111 0.913797
0.815629 1.000000 1.000000 0.911844 0.913797
0.820513 1.000000 1.000000 0.917705 0.916484
0.817582 1.000000 1.000000 0.905983 0.909890
0.826129 1.000000 1.000000 0.906471 0.916972
0.822222 1.000000 1.000000 0.912088 0.913797
0.817094 1.000000 1.000000 0.907448 0.911355
0.815629 1.000000 1.000000 0.908425 0.917216
0.816606 1.000000 1.000000 0.909890 0.919170
0.825397 1.000000 1.000000 0.903053 0.915995
0.823932 1.000000 1.000000 0.907448 0.915263
0.819536 1.000000 1.000000 0.912821 0.915263
0.822955 1.000000 1.000000 0.909890 0.919170
0.818315 1.000000 1.000000 0.904029 0.915263
0.816606 1.000000 1.000000 0.913797 0.913797
0.814164 1.000000 1.000000 0.915263 0.917949
0.815140 1.000000 1.000000 0.921612 0.915995
0.813187 1.000000 1.000000 0.925031 0.913309
0.817094 1.000000 1.000000 0.918681 0.905006
0.819536 1.000000 1.000000 0.916728 0.915751
0.823443 1.000000 1.000000 0.909646 0.912088
0.811477 1.000000 1.000000 0.915263 0.913797
0.819536 1.000000 1.000000 0.904029 0.912088
0.819536 1.000000 1.000000 0.928449 0.913309
0.813675 1.000000 1.000000 0.899634 0.915751
0.819048 1.000000 1.000000 0.919902 0.910867
0.818315 1.000000 1.000000 0.919902 0.917705
0.820024 1.000000 1.000000 0.918193 0.914530
0.823932 1.000000 1.000000 0.908669 0.912821
0.821978 1.000000 1.000000 0.906960 0.915751
0.818315 1.000000 1.000000 0.904518 0.908181
0.820269 1.000000 1.000000 0.907937 0.911355
0.819048 1.000000 1.000000 0.910379 0.917216
0.819536 1.000000 1.000000 0.898657 0.914286
0.818559 1.000000 1.000000 0.915751 0.915995
0.819048 1.000000 1.000000 0.908181 0.915995
0.819536 1.000000 1.000000 0.913797 0.915995
0.818071 1.000000 1.000000 0.908913 0.914042
0.814164 1.000000 1.000000 0.907448 0.915751
0.818315 1.000000 1.000000 0.912088 0.917705
0.815629 1.000000 1.000000 0.906716 0.918193
0.817582 1.000000 1.000000 0.927717 0.909158
0.822466 1.000000 1.000000 0.906227 0.919658
0.823199 1.000000 1.000000 0.915018 0.915751
0.817094 1.000000 1.000000 0.914530 0.917949
0.818559 1.000000 1.000000 0.914042 0.919170
0.823199 1.000000 1.000000 0.916239 0.919658
0.818071 1.000000 1.000000 0.913065 0.915995
0.819292 1.000000 1.000000 0.902320 0.912088
0.818559 1.000000 1.000000 0.915018 0.917705
0.816361 1.000000 1.000000 0.914774 0.923810
0.819048 1.000000 1.000000 0.911844 0.915995
0.819780 1.000000 1.000000 0.923565 0.911355
0.821245 1.000000 1.000000 0.912821 0.919658
0.819536 1.000000 1.000000 0.907448 0.911600
0.823932 1.000000 1.000000 0.912821 0.913065
0.815140 1.000000 1.000000 0.904029 0.918681
0.815873 1.000000 1.000000 0.915263 0.911355
0.817582 1.000000 1.000000 0.911111 0.915751
0.821245 1.000000 1.000000 0.904518 0.917216
0.822222 1.000000 1.000000 0.907937 0.914774
0.822222 1.000000 1.000000 0.910623 0.919170
0.824908 1.000000 1.000000 0.917216 0.917949
0.825397 1.000000 1.000000 0.912088 0.921612
0.822955 1.000000 1.000000 0.904029 0.921856
0.821245 1.000000 1.000000 0.907937 0.919170
0.823932 1.000000 1.000000 0.914286 0.915995
0.817094 1.000000 1.000000 0.911844 0.913065
0.827839 1.000000 1.000000 0.919170 0.914286
0.821490 1.000000 1.000000 0.905006 0.915751
0.823932 1.000000 1.000000 0.913797 0.920879
0.817094 1.000000 1.000000 0.908181 0.917949
0.813675 1.000000 1.000000 0.903541 0.910379
0.827350 1.000000 1.000000 0.908913 0.918681
0.825397 1.000000 1.000000 0.910867 0.910134
